<?xml version="1.0" encoding="UTF-8"?>
<testsuite xmlns:xsi="http://www.w3.org/2001/XMLSchema-instance" xsi:noNamespaceSchemaLocation="https://maven.apache.org/surefire/maven-surefire-plugin/xsd/surefire-test-report-3.0.xsd" version="3.0" name="com.example.AppTest" time="0.118" tests="1" errors="0" skipped="0" failures="0">
  <properties>
    <property name="java.specification.version" value="22"/>
    <property name="sun.jnu.encoding" value="UTF-8"/>
    <property name="java.class.path" value="/Users/lciukaj/developer/opentelemetry/otel-redis-testing/java-redis/target/test-classes:/Users/lciukaj/developer/opentelemetry/otel-redis-testing/java-redis/target/classes:/Users/lciukaj/.m2/repository/redis/clients/jedis/4.2.3/jedis-4.2.3.jar:/Users/lciukaj/.m2/repository/org/slf4j/slf4j-api/1.7.32/slf4j-api-1.7.32.jar:/Users/lciukaj/.m2/repository/org/apache/commons/commons-pool2/2.11.1/commons-pool2-2.11.1.jar:/Users/lciukaj/.m2/repository/org/json/json/20211205/json-20211205.jar:/Users/lciukaj/.m2/repository/com/google/code/gson/gson/2.8.9/gson-2.8.9.jar:/Users/lciukaj/.m2/repository/junit/junit/4.13.2/junit-4.13.2.jar:/Users/lciukaj/.m2/repository/org/hamcrest/hamcrest-core/1.3/hamcrest-core-1.3.jar:"/>
    <property name="java.vm.vendor" value="Homebrew"/>
    <property name="sun.arch.data.model" value="64"/>
    <property name="java.vendor.url" value="https://github.com/Homebrew/homebrew-core/issues"/>
    <property name="os.name" value="Mac OS X"/>
    <property name="java.vm.specification.version" value="22"/>
    <property name="sun.java.launcher" value="SUN_STANDARD"/>
    <property name="user.country" value="PL"/>
    <property name="sun.boot.library.path" value="/usr/local/Cellar/openjdk/22.0.2/libexec/openjdk.jdk/Contents/Home/lib"/>
    <property name="sun.java.command" value="/Users/lciukaj/developer/opentelemetry/otel-redis-testing/java-redis/target/surefire/surefirebooter-20240923003358679_3.jar /Users/lciukaj/developer/opentelemetry/otel-redis-testing/java-redis/target/surefire 2024-09-23T00-33-58_345-jvmRun1 surefire-20240923003358679_1tmp surefire_0-20240923003358679_2tmp"/>
    <property name="jdk.debug" value="release"/>
    <property name="surefire.test.class.path" value="/Users/lciukaj/developer/opentelemetry/otel-redis-testing/java-redis/target/test-classes:/Users/lciukaj/developer/opentelemetry/otel-redis-testing/java-redis/target/classes:/Users/lciukaj/.m2/repository/redis/clients/jedis/4.2.3/jedis-4.2.3.jar:/Users/lciukaj/.m2/repository/org/slf4j/slf4j-api/1.7.32/slf4j-api-1.7.32.jar:/Users/lciukaj/.m2/repository/org/apache/commons/commons-pool2/2.11.1/commons-pool2-2.11.1.jar:/Users/lciukaj/.m2/repository/org/json/json/20211205/json-20211205.jar:/Users/lciukaj/.m2/repository/com/google/code/gson/gson/2.8.9/gson-2.8.9.jar:/Users/lciukaj/.m2/repository/junit/junit/4.13.2/junit-4.13.2.jar:/Users/lciukaj/.m2/repository/org/hamcrest/hamcrest-core/1.3/hamcrest-core-1.3.jar:"/>
    <property name="sun.cpu.endian" value="little"/>
    <property name="user.home" value="/Users/lciukaj"/>
    <property name="user.language" value="en"/>
    <property name="java.specification.vendor" value="Oracle Corporation"/>
    <property name="java.version.date" value="2024-07-16"/>
    <property name="java.home" value="/usr/local/Cellar/openjdk/22.0.2/libexec/openjdk.jdk/Contents/Home"/>
    <property name="file.separator" value="/"/>
    <property name="basedir" value="/Users/lciukaj/developer/opentelemetry/otel-redis-testing/java-redis"/>
    <property name="java.vm.compressedOopsMode" value="Zero based"/>
    <property name="line.separator" value="&#10;"/>
    <property name="java.specification.name" value="Java Platform API Specification"/>
    <property name="java.vm.specification.vendor" value="Oracle Corporation"/>
    <property name="apple.awt.application.name" value="ForkedBooter"/>
    <property name="surefire.real.class.path" value="/Users/lciukaj/developer/opentelemetry/otel-redis-testing/java-redis/target/surefire/surefirebooter-20240923003358679_3.jar"/>
    <property name="sun.management.compiler" value="HotSpot 64-Bit Tiered Compilers"/>
    <property name="java.runtime.version" value="22.0.2"/>
    <property name="user.name" value="lciukaj"/>
    <property name="stdout.encoding" value="UTF-8"/>
    <property name="path.separator" value=":"/>
    <property name="os.version" value="15.0"/>
    <property name="java.runtime.name" value="OpenJDK Runtime Environment"/>
    <property name="file.encoding" value="UTF-8"/>
    <property name="java.vm.name" value="OpenJDK 64-Bit Server VM"/>
    <property name="java.vendor.version" value="Homebrew"/>
    <property name="localRepository" value="/Users/lciukaj/.m2/repository"/>
    <property name="java.vendor.url.bug" value="https://github.com/Homebrew/homebrew-core/issues"/>
    <property name="java.io.tmpdir" value="/var/folders/kp/zctz5fy10938vc85j_n6vxf00000gn/T/"/>
    <property name="java.version" value="22.0.2"/>
    <property name="user.dir" value="/Users/lciukaj/developer/opentelemetry/otel-redis-testing/java-redis"/>
    <property name="os.arch" value="x86_64"/>
    <property name="java.vm.specification.name" value="Java Virtual Machine Specification"/>
    <property name="native.encoding" value="UTF-8"/>
    <property name="java.library.path" value="/Users/lciukaj/Library/Java/Extensions:/Library/Java/Extensions:/Network/Library/Java/Extensions:/System/Library/Java/Extensions:/usr/lib/java:."/>
    <property name="java.vm.info" value="mixed mode, sharing"/>
    <property name="stderr.encoding" value="UTF-8"/>
    <property name="java.vendor" value="Homebrew"/>
    <property name="java.vm.version" value="22.0.2"/>
    <property name="sun.io.unicode.encoding" value="UnicodeBig"/>
    <property name="java.class.version" value="66.0"/>
  </properties>
  <testcase name="testApp" classname="com.example.AppTest" time="0.012"/>
</testsuite>